<?xml version="1.0" encoding="UTF-8"?>
<!-- Generated by org.testng.reporters.JUnitReportReporter -->
<testsuite hostname="DESKTOP-971REMV" failures="0" tests="2" name="com.qa.linkedin.testcases.LinkedInHomePageTest" time="0.061" errors="0" timestamp="2022-11-03T01:22:13 GMT" skipped="0">
  <testcase classname="com.qa.linkedin.testcases.LinkedInHomePageTest" name="verifyLinkedinHomePageTitleTest" time="0.024"/>
  <system-out/>
  <testcase classname="com.qa.linkedin.testcases.LinkedInHomePageTest" name="verifyLinkedinLogoTest" time="0.037"/>
  <system-out/>
</testsuite> <!-- com.qa.linkedin.testcases.LinkedInHomePageTest -->
