<?xml version="1.0" encoding="UTF-8"?>
<!-- Generated by org.testng.reporters.JUnitReportReporter -->
<testsuite hostname="DESKTOP-971REMV" failures="0" tests="3" name="com.qa.linkedin.testcases.LinkedInLoginPageTest" time="1.144" errors="0" timestamp="2022-11-03T01:22:13 GMT" skipped="0">
  <testcase classname="com.qa.linkedin.testcases.LinkedInLoginPageTest" name="navigateToLoginPageTest" time="1.080"/>
  <system-out/>
  <testcase classname="com.qa.linkedin.testcases.LinkedInLoginPageTest" name="verifyLinkedinLoginPageTitleTest" time="0.031"/>
  <system-out/>
  <testcase classname="com.qa.linkedin.testcases.LinkedInLoginPageTest" name="verifyLinkedinSigninHeaderTextTest" time="0.033"/>
  <system-out/>
</testsuite> <!-- com.qa.linkedin.testcases.LinkedInLoginPageTest -->
